-------------------------------------------------------------------------------
Test set: RunCucumberTest
-------------------------------------------------------------------------------
Tests run: 3, Failures: 1, Errors: 0, Skipped: 0, Time elapsed: 8.544 s <<< FAILURE! - in RunCucumberTest
: Sent request for getting articles #1  Time elapsed: 6.509 s  <<< FAILURE!
java.lang.AssertionError: expected:<404> but was:<200>

