<?xml version="1.0" encoding="UTF-8"?>
<testsuite xmlns:xsi="http://www.w3.org/2001/XMLSchema-instance" xsi:noNamespaceSchemaLocation="https://maven.apache.org/surefire/maven-surefire-plugin/xsd/surefire-test-report.xsd" name="RunCucumberTest" time="8.544" tests="3" errors="0" skipped="0" failures="1">
  <properties>
[...]
</properties>
  <testcase name=": Sent request for getting articles #1" classname="RunCucumberTest" time="6.509">
    <failure message="expected:&lt;404&gt; but was:&lt;200&gt;" type="java.lang.AssertionError"><![CDATA[java.lang.AssertionError: expected:<404> but was:<200>
]]></failure>
    <system-out><![CDATA[
Scenario Template: : Sent request for getting articles &amp#27;[90m# src/test/resources/features/Article.feature:10&amp#27;[0m
Request method:	GET
Request URI:	https://www.healthcare.gov/api/
Proxy:			<none>
Request params:	<none>
Query params:	<none>
Form params:	<none>
Path params:	<none>
Headers:		Accept=*/*
Cookies:		<none>
Multiparts:		<none>
Body:			<none>
HTTP/1.1 404 Not Found
Accept-Ranges: bytes
Content-Type: text/html
ETag: "a5f920980794ba6a4fcca29bfaede807:1606324283.97095"
Last-Modified: Wed, 25 Nov 2020 17:11:23 GMT
Vary: Accept-Encoding
Content-Encoding: gzip
Content-Length: 2170
Expires: Wed, 26 May 2021 12:35:44 GMT
Cache-Control: max-age=0, no-cache, no-store
Pragma: no-cache
Date: Wed, 26 May 2021 12:35:44 GMT
Connection: keep-alive
Set-Cookie: optimizelyEndUserId=e63c516809050000a040ae6004020000c1010000; expires=Fri, 26-May-2023 12:35:44 GMT; path=/; domain=.healthcare.gov; secure
Set-Cookie: _ga=GA1.2.1389982871.1622032544; expires=Fri, 26-May-2023 12:35:44 GMT; path=/; domain=.healthcare.gov; secure
Set-Cookie: edgeip=104.81.116.165; expires=Wed, 26-May-2021 12:36:44 GMT; secure
Set-Cookie: clientip=176.37.152.160; expires=Wed, 26-May-2021 12:36:44 GMT; secure
Set-Cookie: requestid=da6b62e.226843; expires=Wed, 26-May-2021 12:36:44 GMT; secure
Set-Cookie: time=1622032544; expires=Wed, 26-May-2021 12:36:44 GMT; secure
Set-Cookie: akavpau_vp1=1622032844~id=fe11185bc4cbd45cd8b9a8e6d36c8ae0; Path=/; Secure; SameSite=None
Cache-Control: max-age=0, no-cache, no-store
Strict-Transport-Security: max-age=31536000 ; preload
X-XSS-Protection: 1; mode=block
X-Permitted-Cross-Domain-Policies: master-only
X-Frame-Options: SAMEORIGIN

<html lang="en">
  <head>
    <meta http-equiv="X-UA-Compatible" content="IE=edge"/>
    <meta http-equiv="Content-Type" content="text/html; charset=utf-8"/>
    <meta name="viewport" content="width=device-width, initial-scale=1.0, minimum-scale=1.0, maximum-scale=5.0"/>
    <title>Sorry, we can't find that page | HealthCare.gov</title>
    <link rel="shortcut icon" href="/images/favicon.ico" type="image/x-icon"/>
    <link rel="alternate" type="application/rss+xml" title="Health Insurance Blog - Healthcare.gov" href="/blog/blog.rss"/>
    <link rel="P3Pv1" href="/w3c/p3p.xml"/>
    <meta name="msvalidate.01" content="598A98B6EDF7624D92A421A892DC3A45"/>
    <meta name="search-title" content="Sorry, we can't find that page"/>
    <meta name="content-type" content="index"/>
    <meta name="bite" content=""/>
    <meta name="description" content=""/>
    <meta property="og:title" content="Sorry, we can't find that page"/>
    <meta property="og:type" content="index"/>
    <meta property="og:image" content="https://www.healthcare.gov/images/logo.png"/>
    <meta property="og:site_name" content="HealthCare.gov"/>
    <meta property="og:description" content=""/>
    <meta name="twitter:card" content=""/>
    <meta name="twitter:url" content="HealthCare.gov"/>
    <meta name="twitter:title" content="Sorry, we can't find that page"/>
    <script>
    window.baseUrl = "";
  </script>
    <script type="text/javascript" src="//tags.tiqcdn.com/utag/cmsgov/healthcare-learn/prod/utag.sync.js"/>
    <script type="text/javascript" src="//assets.healthcare.gov/resources/libs/optimizely/optimizely.js"/>
    <script type="text/javascript">var _sf_startpt = (new Date()).getTime();</script>
    <script src="//assets.healthcare.gov/resources/libs/jquery/1.11/js/jquery.min.js"/>
    <script src="//assets.healthcare.gov/resources/libs/bootstrap/3.1.1/js/bootstrap.min.js"/>
    <script type="text/javascript" src="/js/all.js"/>
    <link rel="publisher" href="//plus.google.com/112755994883163074657"/>
    <link href="/apple-touch-icon.png" rel="apple-touch-icon"/>
    <link href="/apple-touch-icon-72x72.png" rel="apple-touch-icon" sizes="72x72"/>
    <link href="/apple-touch-icon-114x114.png" rel="apple-touch-icon" sizes="120x120"/>
    <link href="/apple-touch-icon-152x152.png" rel="apple-touch-icon" sizes="152x152"/>
    <link href="/css/all-learn.css" rel="stylesheet"/>
    <link rel="stylesheet" href="/css/print.css" type="text/css" media="print"/>
    <link rel="stylesheet" href="/css/bootstrap-accessibility.css"/>
  </head>
  <body class="no-touch portal-id-learn" id="hcgov-learn">
    <script type="text/javascript">
	var utag_data = {"page_name":"Sorry, we can't find that page"};
</script>
    <script type="text/javascript">
    (function(a,b,c,d){
      a='//tags.tiqcdn.com/utag/cmsgov/healthcare-learn/'+(/www.healthcare.gov|www.cuidadodesalud.gov/.test(window.location.hostname)?'prod':'dev')+'/utag.js';
      b=document;c='script';d=b.createElement(c);d.src=a;d.type='text/java'+c;d.async=true;
      a=b.getElementsByTagName(c)[0];a.parentNode.insertBefore(d,a);
    })();
  </script>
    <include src="/esi/header-learn.html"/>
    <div class="main-body-content" id="main-body-content" role="main" tabindex="-1">
      <div class="lite-card">
        <div class="lite-card-inner">
          <div class="container fourofour">
            <h1>
Sorry, we can't find that page              <br clear="none"/>
on HealthCare.gov            </h1>
            <p>
We've recently reorganized our site, and that may explain it.              <br clear="none"/>
It's also possible that you typed the address incorrectly.            </p>
            <hr/>
            <h3>Search HealthCare.gov</h3>
            <div class="input-append">
              <form enctype="application/x-www-form-urlencoded" method="get" class="gsearch" role="search" name="gsearch" action="/search">
                <div class="col-sm-offset-3 col-sm-6 col-sm-offset-3">
                  <div class="input-group">
                    <input type="search" class="form-control nav-search" id="404-search" title="Site Search" name="q" placeholder="Search HealthCare.gov" autocomplete="off"/>
                    <span class="input-group-btn">
                      <button type="submit" class="btn btn-blue btn-search" value="search">Search</button>
                    </span>
                  </div>
                </div>
              </form>
            </div>
            <div style="text-align: center; margin:  .25em auto; font: 80% normal Arial, Tahoma, sans serif; color: rgba(0, 0, 0, 0);">
              <p>Please include the reference ID below if you wish to contact us at 1-800-318-2596 for support.</p>
              <p>
                <script language="javascript" type="text/javascript">
    &lt;!--
    document.write("Error from: " + escape(window.location.href));
    // --&gt;
  </script>
                <br clear="none"/>
 Reference ID:                 <span id="refId">Javascript is required to generate the reference ID.</span>
              </p>
              <script language="javascript" type="text/javascript" src="/js/gov.hc.diagnostic.js"/>
            </div>
          </div>
        </div>
      </div>
    </div>
    <include src="/esi/footer-full-learn.html"/>
    <script src="/js/default.js"/>
  </body>
</html>
  &amp#27;[32mGiven &amp#27;[0m&amp#27;[32mGet Articles &amp#27;[0m&amp#27;[32m&amp#27;[1m"articles.json"&amp#27;[0m&amp#27;[32m Request&amp#27;[0m           &amp#27;[90m# steps.ArticleMyStepdefs.getArticlesRequest(java.lang.String)&amp#27;[0m
  &amp#27;[31mThen &amp#27;[0m&amp#27;[31mResponse code is: &amp#27;[0m&amp#27;[31m&amp#27;[1m"200"&amp#27;[0m                         &amp#27;[90m# steps.ArticleMyStepdefs.responseCodeIs(java.lang.String)&amp#27;[0m
      &amp#27;[31mjava.lang.AssertionError: expected:<404> but was:<200>
	at org.junit.Assert.fail(Assert.java:89)
	at org.junit.Assert.failNotEquals(Assert.java:835)
	at org.junit.Assert.assertEquals(Assert.java:647)
	at org.junit.Assert.assertEquals(Assert.java:633)
	at steps.ArticleMyStepdefs.responseCodeIs(ArticleMyStepdefs.java:29)
	at âœ½.Response code is: "200"(file:///C:/Projects_AQA/Education/java-cucumber-allure-gitlab-master/src/test/resources/features/Article.feature:7)
&amp#27;[0m
]]></system-out>
  </testcase>
  <testcase name=": Sent request for getting articles #2" classname="RunCucumberTest" time="0.473"/>
  <testcase name=": Sent request for getting articles #3" classname="RunCucumberTest" time="0.151"/>
</testsuite>